<?xml version="1.0" encoding="utf-8"?>
<CoverageSession xmlns:xsd="http://www.w3.org/2001/XMLSchema" xmlns:xsi="http://www.w3.org/2001/XMLSchema-instance">
  <Summary numSequencePoints="0" visitedSequencePoints="0" numBranchPoints="0" visitedBranchPoints="0" sequenceCoverage="0" branchCoverage="0" maxCyclomaticComplexity="0" minCyclomaticComplexity="0" visitedClasses="0" numClasses="0" visitedMethods="0" numMethods="0" />
  <Modules>
    <Module skippedDueTo="Filter" hash="7F-4E-EA-3B-6F-54-D3-91-5E-FE-62-68-9E-42-98-12-3C-7D-D8-12">
      <ModulePath>C:\WINDOWS\Microsoft.Net\assembly\GAC_64\mscorlib\v4.0_4.0.0.0__b77a5c561934e089\mscorlib.dll</ModulePath>
      <ModuleTime>2016-07-16T11:43:57.1242712Z</ModuleTime>
      <ModuleName>mscorlib</ModuleName>
      <Classes />
    </Module>
    <Module skippedDueTo="Filter" hash="A0-13-70-5B-0F-CD-BB-71-34-C8-6E-8A-9A-2E-A1-8C-9B-38-AD-9B">
      <ModulePath>D:\intech\S5\PI\C#\OmegaGit\packages\NUnit.ConsoleRunner\3.5.0\tools\nunit3-console.exe</ModulePath>
      <ModuleTime>2016-10-11T18:54:10Z</ModuleTime>
      <ModuleName>nunit3-console</ModuleName>
      <Classes />
    </Module>
    <Module skippedDueTo="Filter" hash="2F-06-CB-9E-45-EB-3F-7A-7A-0E-09-BA-75-25-0C-EF-AA-90-8E-2B">
      <ModulePath>C:\WINDOWS\Microsoft.Net\assembly\GAC_MSIL\System\v4.0_4.0.0.0__b77a5c561934e089\System.dll</ModulePath>
      <ModuleTime>2016-07-16T11:43:55.5461496Z</ModuleTime>
      <ModuleName>System</ModuleName>
      <Classes />
    </Module>
    <Module skippedDueTo="Filter" hash="23-9B-37-CD-E3-B0-C3-B3-4C-72-D5-84-68-14-6B-07-67-29-6F-32">
      <ModulePath>D:\intech\S5\PI\C#\OmegaGit\packages\NUnit.ConsoleRunner\3.5.0\tools\nunit.engine.api.dll</ModulePath>
      <ModuleTime>2016-10-11T18:54:10Z</ModuleTime>
      <ModuleName>nunit.engine.api</ModuleName>
      <Classes />
    </Module>
  </Modules>
</CoverageSession>